[2025-09-23 14:48:40,887][MainProcess][INFO] Starting Genetic Evolution Loop
[2025-09-23 14:48:41,181][MainProcess][INFO] Submitted Worker: 0
[2025-09-23 14:48:53,358][Process-2][INFO] Iteration 0, Child 0065596d-bf43-4011-a22e-f1d86a9db168: Starting Evaluation
[2025-09-23 14:48:53,366][Process-2][INFO] Iteration 0, Child cc503c6f-2f69-4d1d-9e57-90af00a4fe58: Starting Crossover/Mutation
[2025-09-23 14:48:53,376][Process-2][INFO] Iteration 0, Child cc503c6f-2f69-4d1d-9e57-90af00a4fe58: Starting Evaluation Training
[2025-09-23 14:48:54,020][MainProcess][INFO] Submitted Worker: 1
[2025-09-23 14:48:54,034][Process-3][INFO] Iteration 1, Child 15f6c4f9-00e2-4889-88b2-04514beb9665: Starting Evaluation
[2025-09-23 14:48:54,051][Process-3][INFO] Iteration 1, Child 82b838b3-ba82-4690-9483-5a241578f405: Starting Crossover/Mutation
[2025-09-23 14:48:54,051][Process-3][INFO] Iteration 1, Child 82b838b3-ba82-4690-9483-5a241578f405: Starting Evaluation Training
[2025-09-23 14:50:09,180][Process-2][INFO] Iteration 0, Child cc503c6f-2f69-4d1d-9e57-90af00a4fe58: Evaluation Metrics={'loss': 0.997346751319552, 'rmse': 26.426100073508845}
[2025-09-23 14:50:09,195][MainProcess][INFO] Iteration 0: Received, metrics={'loss': 0.997346751319552, 'rmse': 26.426100073508845}
[2025-09-23 14:50:09,195][MainProcess][INFO] Current Processes: {0: (<Process name='Process-2' pid=13256 parent=14448 started>, <multiprocessing.queues.Queue object at 0x000001C289EF3890>, 1005431.5952293), 1: (<Process name='Process-3' pid=23560 parent=14448 started>, <multiprocessing.queues.Queue object at 0x000001C28B060190>, 1005444.4335751)}
[2025-09-23 14:50:10,591][MainProcess][INFO] Iteration 0: Saved, metrics={'loss': 0.997346751319552, 'rmse': 26.426100073508845}
[2025-09-23 14:50:20,817][Process-3][INFO] Iteration 1, Child 82b838b3-ba82-4690-9483-5a241578f405: Evaluation Metrics={'loss': 0.9973416594625677, 'rmse': 26.42603487181432}
[2025-09-23 14:50:23,058][MainProcess][INFO] Submitted Worker: 2
[2025-09-23 14:50:23,064][Process-4][INFO] Iteration 2, Child ef3bfe94-b79b-4cfc-8d7d-1ad116ff7c49: Starting Evaluation
[2025-09-23 14:50:23,069][MainProcess][INFO] Iteration 1: Received, metrics={'loss': 0.9973416594625677, 'rmse': 26.42603487181432}
[2025-09-23 14:50:23,069][MainProcess][INFO] Current Processes: {1: (<Process name='Process-3' pid=23560 parent=14448 stopped exitcode=0>, <multiprocessing.queues.Queue object at 0x000001C28B060190>, 1005444.4335751), 2: (<Process name='Process-4' pid=22592 parent=14448 started>, <multiprocessing.queues.Queue object at 0x000001C289E57BB0>, 1005533.47152)}
[2025-09-23 14:50:23,074][MainProcess][INFO] Iteration 1: Saved, metrics={'loss': 0.9973416594625677, 'rmse': 26.42603487181432}
[2025-09-23 14:50:23,072][Process-4][INFO] Iteration 2, Child bd1e5616-a0a1-4ef7-ac9a-7da527a2c39d: Starting Crossover/Mutation
[2025-09-23 14:50:23,075][Process-4][INFO] Iteration 2, Child bd1e5616-a0a1-4ef7-ac9a-7da527a2c39d: Starting Evaluation Training
[2025-09-23 14:50:33,823][MainProcess][INFO] Submitted Worker: 3
[2025-09-23 14:50:33,839][Process-5][INFO] Iteration 3, Child 61c70252-189f-4f58-8574-80e2fffa4c32: Starting Evaluation
[2025-09-23 14:50:33,896][Process-5][INFO] Iteration 3, Child ed15b311-f704-4931-b546-587e3742e2d0: Starting Crossover/Mutation
[2025-09-23 14:50:33,897][Process-5][INFO] Iteration 3, Child ed15b311-f704-4931-b546-587e3742e2d0: Starting Evaluation Training
[2025-09-23 14:51:27,664][Process-4][INFO] Iteration 2, Child bd1e5616-a0a1-4ef7-ac9a-7da527a2c39d: Evaluation Metrics={'loss': 0.9973113693079902, 'rmse': 26.425630513904164}
[2025-09-23 14:51:27,678][MainProcess][INFO] Iteration 2: Received, metrics={'loss': 0.9973113693079902, 'rmse': 26.425630513904164}
[2025-09-23 14:51:27,678][MainProcess][INFO] Current Processes: {2: (<Process name='Process-4' pid=22592 parent=14448 started>, <multiprocessing.queues.Queue object at 0x000001C289E57BB0>, 1005533.47152), 3: (<Process name='Process-5' pid=28036 parent=14448 started>, <multiprocessing.queues.Queue object at 0x000001C289FD0FC0>, 1005544.2365629)}
[2025-09-23 14:51:28,988][MainProcess][INFO] Iteration 2: Saved, metrics={'loss': 0.9973113693079902, 'rmse': 26.425630513904164}
[2025-09-23 14:51:42,944][MainProcess][INFO] Submitted Worker: 4
[2025-09-23 14:51:42,954][Process-6][INFO] Iteration 4, Child 3a494fcf-6a45-4de2-99da-2818188bcc2e: Starting Evaluation
[2025-09-23 14:51:42,959][Process-6][INFO] Iteration 4, Child 48277999-ce03-45f6-bed0-a373b1264bd8: Starting Crossover/Mutation
[2025-09-23 14:51:42,962][Process-6][INFO] Iteration 4, Child 48277999-ce03-45f6-bed0-a373b1264bd8: Starting Evaluation Training
[2025-09-23 14:52:04,045][Process-5][INFO] Iteration 3, Child ed15b311-f704-4931-b546-587e3742e2d0: Evaluation Metrics={'loss': 0.9973465476221252, 'rmse': 26.42609668472438}
[2025-09-23 14:52:04,065][MainProcess][INFO] Iteration 3: Received, metrics={'loss': 0.9973465476221252, 'rmse': 26.42609668472438}
[2025-09-23 14:52:04,065][MainProcess][INFO] Current Processes: {3: (<Process name='Process-5' pid=28036 parent=14448 started>, <multiprocessing.queues.Queue object at 0x000001C289FD0FC0>, 1005544.2365629), 4: (<Process name='Process-6' pid=29888 parent=14448 started>, <multiprocessing.queues.Queue object at 0x000001C289F96330>, 1005613.3581254)}
[2025-09-23 14:52:05,738][MainProcess][INFO] Iteration 3: Saved DB to database.pkl
[2025-09-23 14:52:05,738][MainProcess][INFO] Iteration 3: Saved, metrics={'loss': 0.9973465476221252, 'rmse': 26.42609668472438}
[2025-09-23 14:52:20,809][MainProcess][INFO] Submitted Worker: 5
[2025-09-23 14:52:20,820][Process-7][INFO] Iteration 5, Child 0065596d-bf43-4011-a22e-f1d86a9db168: Starting Evaluation
[2025-09-23 14:52:20,829][Process-7][INFO] Iteration 5, Child 346c4833-e127-4923-a626-e1e66c9db048: Starting Crossover/Mutation
[2025-09-23 14:52:20,839][Process-7][INFO] Iteration 5, Child 346c4833-e127-4923-a626-e1e66c9db048: Starting Evaluation Training
[2025-09-23 14:53:07,908][Process-6][INFO] Iteration 4, Child 48277999-ce03-45f6-bed0-a373b1264bd8: Evaluation Metrics={'loss': 0.9973467351163475, 'rmse': 26.426099851293472}
[2025-09-23 14:53:07,924][MainProcess][INFO] Iteration 4: Received, metrics={'loss': 0.9973467351163475, 'rmse': 26.426099851293472}
[2025-09-23 14:53:07,924][MainProcess][INFO] Current Processes: {4: (<Process name='Process-6' pid=29888 parent=14448 started>, <multiprocessing.queues.Queue object at 0x000001C289F96330>, 1005613.3581254), 5: (<Process name='Process-7' pid=21116 parent=14448 started>, <multiprocessing.queues.Queue object at 0x000001C289F9A7A0>, 1005651.2233443)}
[2025-09-23 14:53:09,504][MainProcess][INFO] Iteration 4: Saved, metrics={'loss': 0.9973467351163475, 'rmse': 26.426099851293472}
[2025-09-23 14:53:21,145][MainProcess][INFO] Submitted Worker: 6
[2025-09-23 14:53:21,155][Process-8][INFO] Iteration 6, Child 2289de8f-feab-4d43-8499-8ee11ac08a32: Starting Evaluation
[2025-09-23 14:53:21,167][Process-8][INFO] Iteration 6, Child deac974a-ddb6-4a2b-aaab-717980d48027: Starting Crossover/Mutation
[2025-09-23 14:53:21,184][Process-8][INFO] Iteration 6, Child deac974a-ddb6-4a2b-aaab-717980d48027: Starting Evaluation Training
[2025-09-23 14:53:29,765][Process-7][INFO] Iteration 5, Child 346c4833-e127-4923-a626-e1e66c9db048: Evaluation Metrics={'loss': 0.9973494028582156, 'rmse': 26.426138350107138}
[2025-09-23 14:53:29,779][MainProcess][INFO] Iteration 5: Received, metrics={'loss': 0.9973494028582156, 'rmse': 26.426138350107138}
[2025-09-23 14:53:29,780][MainProcess][INFO] Current Processes: {5: (<Process name='Process-7' pid=21116 parent=14448 started>, <multiprocessing.queues.Queue object at 0x000001C289F9A7A0>, 1005651.2233443), 6: (<Process name='Process-8' pid=28464 parent=14448 started>, <multiprocessing.queues.Queue object at 0x000001C289F9A580>, 1005711.5592)}
[2025-09-23 14:53:31,092][MainProcess][INFO] Iteration 5: Saved, metrics={'loss': 0.9973494028582156, 'rmse': 26.426138350107138}
[2025-09-23 14:53:50,880][MainProcess][INFO] Submitted Worker: 7
[2025-09-23 14:53:50,902][Process-9][INFO] Iteration 7, Child bd1e5616-a0a1-4ef7-ac9a-7da527a2c39d: Starting Evaluation
[2025-09-23 14:53:50,927][Process-9][INFO] Iteration 7, Child 5e8037d0-87fb-402f-a1ea-8b6107b2b5d1: Starting Crossover/Mutation
[2025-09-23 14:53:50,945][Process-9][INFO] Iteration 7, Child 5e8037d0-87fb-402f-a1ea-8b6107b2b5d1: Starting Evaluation Training
[2025-09-23 14:54:16,754][Process-8][INFO] Iteration 6, Child deac974a-ddb6-4a2b-aaab-717980d48027: Evaluation Metrics={'loss': 0.9973494925545258, 'rmse': 26.426137590871274}
[2025-09-23 14:54:16,757][MainProcess][INFO] Iteration 6: Received, metrics={'loss': 0.9973494925545258, 'rmse': 26.426137590871274}
[2025-09-23 14:54:16,757][MainProcess][INFO] Current Processes: {6: (<Process name='Process-8' pid=28464 parent=14448 started>, <multiprocessing.queues.Queue object at 0x000001C289F9A580>, 1005711.5592), 7: (<Process name='Process-9' pid=1064 parent=14448 started>, <multiprocessing.queues.Queue object at 0x000001C289F86250>, 1005741.2937058)}
[2025-09-23 14:54:18,229][MainProcess][INFO] Iteration 6: Saved, metrics={'loss': 0.9973494925545258, 'rmse': 26.426137590871274}
[2025-09-23 14:54:30,038][MainProcess][INFO] Submitted Worker: 8
[2025-09-23 14:54:30,046][Process-10][INFO] Iteration 8, Child 302fb794-58a2-492c-9139-aff2ad92af0b: Starting Evaluation
[2025-09-23 14:54:30,051][Process-10][INFO] Iteration 8, Child 6ea3adaa-0d89-495a-a3da-0a33ef875ba5: Starting Crossover/Mutation
[2025-09-23 14:54:30,057][Process-10][INFO] Iteration 8, Child 6ea3adaa-0d89-495a-a3da-0a33ef875ba5: Starting Evaluation Training
[2025-09-23 14:55:07,932][Process-9][INFO] Iteration 7, Child 5e8037d0-87fb-402f-a1ea-8b6107b2b5d1: Evaluation Metrics={'loss': 0.9973467351163475, 'rmse': 26.426099851293472}
[2025-09-23 14:55:07,949][MainProcess][INFO] Iteration 7: Received, metrics={'loss': 0.9973467351163475, 'rmse': 26.426099851293472}
[2025-09-23 14:55:07,950][MainProcess][INFO] Current Processes: {7: (<Process name='Process-9' pid=1064 parent=14448 started>, <multiprocessing.queues.Queue object at 0x000001C289F86250>, 1005741.2937058), 8: (<Process name='Process-10' pid=15124 parent=14448 started>, <multiprocessing.queues.Queue object at 0x000001C289F87350>, 1005780.4518857)}
[2025-09-23 14:55:09,368][MainProcess][INFO] Iteration 7: Saved, metrics={'loss': 0.9973467351163475, 'rmse': 26.426099851293472}
[2025-09-23 14:55:21,840][MainProcess][INFO] Submitted Worker: 9
[2025-09-23 14:55:21,851][Process-11][INFO] Iteration 9, Child ce93f65c-d3ac-4734-a373-afafb53ae9ad: Starting Evaluation
[2025-09-23 14:55:21,868][Process-11][INFO] Iteration 9, Child 1a8be22e-9889-4665-8f0c-456547d1562f: Starting Crossover/Mutation
[2025-09-23 14:55:21,880][Process-11][INFO] Iteration 9, Child 1a8be22e-9889-4665-8f0c-456547d1562f: Starting Evaluation Training
[2025-09-23 14:55:43,674][Process-10][INFO] Iteration 8, Child 6ea3adaa-0d89-495a-a3da-0a33ef875ba5: Evaluation Metrics={'loss': 0.9973467351163475, 'rmse': 26.426099851293472}
[2025-09-23 14:55:43,691][MainProcess][INFO] Iteration 8: Received, metrics={'loss': 0.9973467351163475, 'rmse': 26.426099851293472}
[2025-09-23 14:55:43,691][MainProcess][INFO] Current Processes: {8: (<Process name='Process-10' pid=15124 parent=14448 started>, <multiprocessing.queues.Queue object at 0x000001C289F87350>, 1005780.4518857), 9: (<Process name='Process-11' pid=14464 parent=14448 started>, <multiprocessing.queues.Queue object at 0x000001C289F53D40>, 1005832.2544002)}
[2025-09-23 14:55:44,959][MainProcess][INFO] Iteration 8: Saved DB to database.pkl
[2025-09-23 14:55:44,959][MainProcess][INFO] Iteration 8: Saved, metrics={'loss': 0.9973467351163475, 'rmse': 26.426099851293472}
[2025-09-23 14:55:56,306][MainProcess][INFO] Submitted Worker: 10
[2025-09-23 14:55:56,316][Process-12][INFO] Iteration 10, Child 0065596d-bf43-4011-a22e-f1d86a9db168: Starting Evaluation
[2025-09-23 14:55:56,325][Process-12][INFO] Iteration 10, Child 0c48d3f9-8f6d-4334-8db2-9edaf04de94a: Starting Crossover/Mutation
[2025-09-23 14:55:56,329][Process-12][INFO] Iteration 10, Child 0c48d3f9-8f6d-4334-8db2-9edaf04de94a: Starting Evaluation Training
[2025-09-23 14:56:58,182][Process-11][INFO] Iteration 9, Child 1a8be22e-9889-4665-8f0c-456547d1562f: Evaluation Metrics={'loss': 0.9973467542129812, 'rmse': 26.42610011054474}
[2025-09-23 14:56:58,200][MainProcess][INFO] Iteration 9: Received, metrics={'loss': 0.9973467542129812, 'rmse': 26.42610011054474}
[2025-09-23 14:56:58,200][MainProcess][INFO] Current Processes: {9: (<Process name='Process-11' pid=14464 parent=14448 started>, <multiprocessing.queues.Queue object at 0x000001C289F53D40>, 1005832.2544002), 10: (<Process name='Process-12' pid=28180 parent=14448 started>, <multiprocessing.queues.Queue object at 0x000001C289F53F20>, 1005866.7201898)}
[2025-09-23 14:56:59,509][MainProcess][INFO] Iteration 9: Saved, metrics={'loss': 0.9973467542129812, 'rmse': 26.42610011054474}
[2025-09-23 14:57:00,305][Process-12][INFO] Iteration 10, Child 0c48d3f9-8f6d-4334-8db2-9edaf04de94a: Evaluation Metrics={'loss': 0.997346732801604, 'rmse': 26.426099814257576}
[2025-09-23 14:57:07,868][MainProcess][INFO] Submitted Worker: 11
[2025-09-23 14:57:07,874][Process-13][INFO] Iteration 11, Child 82b838b3-ba82-4690-9483-5a241578f405: Starting Evaluation
[2025-09-23 14:57:07,880][Process-13][INFO] Iteration 11, Child 0e0df073-6279-409e-8cce-91c8681366a6: Starting Crossover/Mutation
[2025-09-23 14:57:07,880][Process-13][INFO] Iteration 11, Child 0e0df073-6279-409e-8cce-91c8681366a6: Starting Evaluation Training
[2025-09-23 14:57:07,881][MainProcess][INFO] Iteration 10: Received, metrics={'loss': 0.997346732801604, 'rmse': 26.426099814257576}
[2025-09-23 14:57:07,882][MainProcess][INFO] Current Processes: {10: (<Process name='Process-12' pid=28180 parent=14448 stopped exitcode=0>, <multiprocessing.queues.Queue object at 0x000001C289F53F20>, 1005866.7201898), 11: (<Process name='Process-13' pid=28452 parent=14448 started>, <multiprocessing.queues.Queue object at 0x000001C289F53D40>, 1005938.2816025)}
[2025-09-23 14:57:07,888][MainProcess][INFO] Iteration 10: Saved, metrics={'loss': 0.997346732801604, 'rmse': 26.426099814257576}
[2025-09-23 14:57:17,731][MainProcess][INFO] Submitted Worker: 12
[2025-09-23 14:57:17,742][Process-14][INFO] Iteration 12, Child 5e8037d0-87fb-402f-a1ea-8b6107b2b5d1: Starting Evaluation
[2025-09-23 14:57:17,751][Process-14][INFO] Iteration 12, Child 25d9b94b-938b-43ea-86bc-35ae6a68590d: Starting Crossover/Mutation
[2025-09-23 14:57:17,752][Process-14][INFO] Iteration 12, Child 25d9b94b-938b-43ea-86bc-35ae6a68590d: Starting Evaluation Training
[2025-09-23 14:58:26,016][Process-13][INFO] Iteration 11, Child 0e0df073-6279-409e-8cce-91c8681366a6: Evaluation Metrics={'loss': 0.997347088693415, 'rmse': 26.42610514742657}
[2025-09-23 14:58:26,034][MainProcess][INFO] Iteration 11: Received, metrics={'loss': 0.997347088693415, 'rmse': 26.42610514742657}
[2025-09-23 14:58:26,034][MainProcess][INFO] Current Processes: {11: (<Process name='Process-13' pid=28452 parent=14448 started>, <multiprocessing.queues.Queue object at 0x000001C289F53D40>, 1005938.2816025), 12: (<Process name='Process-14' pid=16288 parent=14448 started>, <multiprocessing.queues.Queue object at 0x000001C289F53F20>, 1005948.1450482)}
[2025-09-23 14:58:27,320][MainProcess][INFO] Iteration 11: Saved, metrics={'loss': 0.997347088693415, 'rmse': 26.42610514742657}
[2025-09-23 14:58:38,656][MainProcess][INFO] Submitted Worker: 13
[2025-09-23 14:58:38,666][Process-15][INFO] Iteration 13, Child ed15b311-f704-4931-b546-587e3742e2d0: Starting Evaluation
[2025-09-23 14:58:38,677][Process-15][INFO] Iteration 13, Child 95a91037-556a-4059-88ad-e3ad7de246e8: Starting Crossover/Mutation
[2025-09-23 14:58:38,678][Process-15][INFO] Iteration 13, Child 95a91037-556a-4059-88ad-e3ad7de246e8: Starting Evaluation Training
[2025-09-23 14:58:42,493][Process-14][INFO] Iteration 12, Child 25d9b94b-938b-43ea-86bc-35ae6a68590d: Evaluation Metrics={'loss': 0.9973467351163475, 'rmse': 26.426099851293472}
[2025-09-23 14:58:42,501][MainProcess][INFO] Iteration 12: Received, metrics={'loss': 0.9973467351163475, 'rmse': 26.426099851293472}
[2025-09-23 14:58:42,501][MainProcess][INFO] Current Processes: {12: (<Process name='Process-14' pid=16288 parent=14448 started>, <multiprocessing.queues.Queue object at 0x000001C289F53F20>, 1005948.1450482), 13: (<Process name='Process-15' pid=26932 parent=14448 started>, <multiprocessing.queues.Queue object at 0x000001C289F53D40>, 1006029.069947)}
[2025-09-23 14:58:43,474][MainProcess][INFO] Iteration 12: Saved, metrics={'loss': 0.9973467351163475, 'rmse': 26.426099851293472}
[2025-09-23 14:58:54,231][MainProcess][INFO] Submitted Worker: 14
[2025-09-23 14:58:54,239][Process-16][INFO] Iteration 14, Child 48277999-ce03-45f6-bed0-a373b1264bd8: Starting Evaluation
[2025-09-23 14:58:54,246][Process-16][INFO] Iteration 14, Child 9ade5b58-c7e9-42c8-80ed-f0f99516cdde: Starting Crossover/Mutation
[2025-09-23 14:58:54,256][Process-16][INFO] Iteration 14, Child 9ade5b58-c7e9-42c8-80ed-f0f99516cdde: Starting Evaluation Training
[2025-09-23 14:59:53,618][Process-15][INFO] Iteration 13, Child 95a91037-556a-4059-88ad-e3ad7de246e8: Evaluation Metrics={'loss': 0.9974353793755318, 'rmse': 26.427277407599885}
[2025-09-23 14:59:53,629][MainProcess][INFO] Iteration 13: Received, metrics={'loss': 0.9974353793755318, 'rmse': 26.427277407599885}
[2025-09-23 14:59:53,629][MainProcess][INFO] Current Processes: {13: (<Process name='Process-15' pid=26932 parent=14448 started>, <multiprocessing.queues.Queue object at 0x000001C289F53D40>, 1006029.069947), 14: (<Process name='Process-16' pid=19708 parent=14448 started>, <multiprocessing.queues.Queue object at 0x000001C289F53F20>, 1006044.6444931)}
[2025-09-23 14:59:55,020][MainProcess][INFO] Iteration 13: Saved DB to database.pkl
[2025-09-23 14:59:55,020][MainProcess][INFO] Iteration 13: Saved, metrics={'loss': 0.9974353793755318, 'rmse': 26.427277407599885}
[2025-09-23 14:59:56,291][Process-16][INFO] Iteration 14, Child 9ade5b58-c7e9-42c8-80ed-f0f99516cdde: Evaluation Metrics={'loss': 0.9973691591938723, 'rmse': 26.42637665757855}
[2025-09-23 15:00:03,366][MainProcess][INFO] Submitted Worker: 15
[2025-09-23 15:00:03,378][MainProcess][INFO] Iteration 14: Received, metrics={'loss': 0.9973691591938723, 'rmse': 26.42637665757855}
[2025-09-23 15:00:03,378][MainProcess][INFO] Current Processes: {14: (<Process name='Process-16' pid=19708 parent=14448 stopped exitcode=0>, <multiprocessing.queues.Queue object at 0x000001C289F53F20>, 1006044.6444931), 15: (<Process name='Process-17' pid=27628 parent=14448 started>, <multiprocessing.queues.Queue object at 0x000001C289F53D40>, 1006113.7797959)}
[2025-09-23 15:00:03,382][MainProcess][INFO] Iteration 14: Saved, metrics={'loss': 0.9973691591938723, 'rmse': 26.42637665757855}
[2025-09-23 15:00:03,373][Process-17][INFO] Iteration 15, Child 346c4833-e127-4923-a626-e1e66c9db048: Starting Evaluation
[2025-09-23 15:00:03,378][Process-17][INFO] Iteration 15, Child ca584aa9-3cd6-48a2-9102-36a1e4c26665: Starting Crossover/Mutation
[2025-09-23 15:00:03,386][Process-17][INFO] Iteration 15, Child ca584aa9-3cd6-48a2-9102-36a1e4c26665: Starting Evaluation Training
[2025-09-23 15:00:14,445][MainProcess][INFO] Submitted Worker: 16
[2025-09-23 15:00:14,454][Process-18][INFO] Iteration 16, Child 0e0df073-6279-409e-8cce-91c8681366a6: Starting Evaluation
[2025-09-23 15:00:14,463][Process-18][INFO] Iteration 16, Child a4170261-a858-4a16-86be-ccc419646208: Starting Crossover/Mutation
[2025-09-23 15:00:14,468][Process-18][INFO] Iteration 16, Child a4170261-a858-4a16-86be-ccc419646208: Starting Evaluation Training
[2025-09-23 15:01:20,186][Process-17][INFO] Iteration 15, Child ca584aa9-3cd6-48a2-9102-36a1e4c26665: Evaluation Metrics={'loss': 0.9973467351163475, 'rmse': 26.426099851293472}
[2025-09-23 15:01:20,191][MainProcess][INFO] Iteration 15: Received, metrics={'loss': 0.9973467351163475, 'rmse': 26.426099851293472}
[2025-09-23 15:01:20,191][MainProcess][INFO] Current Processes: {15: (<Process name='Process-17' pid=27628 parent=14448 started>, <multiprocessing.queues.Queue object at 0x000001C289F53D40>, 1006113.7797959), 16: (<Process name='Process-18' pid=8432 parent=14448 started>, <multiprocessing.queues.Queue object at 0x000001C289F53F20>, 1006124.858745)}
[2025-09-23 15:01:21,477][MainProcess][INFO] Iteration 15: Saved, metrics={'loss': 0.9973467351163475, 'rmse': 26.426099851293472}
[2025-09-23 15:01:29,262][Process-18][INFO] Iteration 16, Child a4170261-a858-4a16-86be-ccc419646208: Evaluation Metrics={'loss': 0.9973650719355611, 'rmse': 26.426341491995505}
[2025-09-23 15:01:31,964][MainProcess][INFO] Submitted Worker: 17
[2025-09-23 15:01:31,970][Process-19][INFO] Iteration 17, Child f24a96d1-12b1-45f7-bf56-53b4488c5599: Starting Evaluation
[2025-09-23 15:01:31,977][MainProcess][INFO] Iteration 16: Received, metrics={'loss': 0.9973650719355611, 'rmse': 26.426341491995505}
[2025-09-23 15:01:31,977][MainProcess][INFO] Current Processes: {16: (<Process name='Process-18' pid=8432 parent=14448 stopped exitcode=0>, <multiprocessing.queues.Queue object at 0x000001C289F53F20>, 1006124.858745), 17: (<Process name='Process-19' pid=22424 parent=14448 started>, <multiprocessing.queues.Queue object at 0x000001C289F53D40>, 1006202.3778406)}
[2025-09-23 15:01:31,981][MainProcess][INFO] Iteration 16: Saved, metrics={'loss': 0.9973650719355611, 'rmse': 26.426341491995505}
[2025-09-23 15:01:31,976][Process-19][INFO] Iteration 17, Child d8562379-ab63-41ef-9c83-cb94b985d1b9: Starting Crossover/Mutation
[2025-09-23 15:01:31,981][Process-19][INFO] Iteration 17, Child d8562379-ab63-41ef-9c83-cb94b985d1b9: Starting Evaluation Training
[2025-09-23 15:01:41,602][MainProcess][INFO] Submitted Worker: 18
[2025-09-23 15:01:41,612][Process-20][INFO] Iteration 18, Child ed15b311-f704-4931-b546-587e3742e2d0: Starting Evaluation
[2025-09-23 15:01:41,624][Process-20][INFO] Iteration 18, Child 094e7d08-11c6-45f6-af04-72d5e43ab26d: Starting Crossover/Mutation
[2025-09-23 15:01:41,640][Process-20][INFO] Iteration 18, Child 094e7d08-11c6-45f6-af04-72d5e43ab26d: Starting Evaluation Training
[2025-09-23 15:03:19,570][Process-19][INFO] Iteration 17, Child d8562379-ab63-41ef-9c83-cb94b985d1b9: Evaluation Metrics={'loss': 0.9973487668824428, 'rmse': 26.426126628246124}
[2025-09-23 15:03:19,577][MainProcess][INFO] Iteration 17: Received, metrics={'loss': 0.9973487668824428, 'rmse': 26.426126628246124}
[2025-09-23 15:03:19,577][MainProcess][INFO] Current Processes: {17: (<Process name='Process-19' pid=22424 parent=14448 started>, <multiprocessing.queues.Queue object at 0x000001C289F53D40>, 1006202.3778406), 18: (<Process name='Process-20' pid=21592 parent=14448 started>, <multiprocessing.queues.Queue object at 0x000001C289F53F20>, 1006212.0159365)}
[2025-09-23 15:03:21,674][MainProcess][INFO] Iteration 17: Saved, metrics={'loss': 0.9973487668824428, 'rmse': 26.426126628246124}
[2025-09-23 15:03:32,122][Process-20][INFO] Iteration 18, Child 094e7d08-11c6-45f6-af04-72d5e43ab26d: Evaluation Metrics={'loss': 0.9973467351163475, 'rmse': 26.426099851293472}
[2025-09-23 15:04:17,746][MainProcess][INFO] Submitted Worker: 19
[2025-09-23 15:04:17,753][Process-21][INFO] Iteration 19, Child 9ade5b58-c7e9-42c8-80ed-f0f99516cdde: Starting Evaluation
[2025-09-23 15:04:17,757][Process-21][INFO] Iteration 19, Child 6141fbc9-7167-4a23-9c44-43f19b134162: Starting Crossover/Mutation
[2025-09-23 15:04:17,757][Process-21][INFO] Iteration 19, Child 6141fbc9-7167-4a23-9c44-43f19b134162: Starting Evaluation Training
[2025-09-23 15:04:17,768][MainProcess][INFO] Iteration 18: Received, metrics={'loss': 0.9973467351163475, 'rmse': 26.426099851293472}
[2025-09-23 15:04:17,769][MainProcess][INFO] Current Processes: {18: (<Process name='Process-20' pid=21592 parent=14448 stopped exitcode=0>, <multiprocessing.queues.Queue object at 0x000001C289F53F20>, 1006212.0159365), 19: (<Process name='Process-21' pid=23216 parent=14448 started>, <multiprocessing.queues.Queue object at 0x000001C289F53D40>, 1006368.1596996)}
[2025-09-23 15:04:17,785][MainProcess][INFO] Iteration 18: Saved DB to database.pkl
[2025-09-23 15:04:17,785][MainProcess][INFO] Iteration 18: Saved, metrics={'loss': 0.9973467351163475, 'rmse': 26.426099851293472}
[2025-09-23 15:04:18,149][MainProcess][INFO] Submitted Worker: 20
[2025-09-23 15:04:25,041][Process-22][INFO] Iteration 20, Child eb3c93df-5437-4a94-816d-d8bfcadb1f03: Starting Evaluation
[2025-09-23 15:04:25,044][Process-22][INFO] Iteration 20, Child 7eca6c35-f2ed-49e6-a8bb-a36ccb64d112: Starting Crossover/Mutation
[2025-09-23 15:04:25,048][Process-22][INFO] Iteration 20, Child 7eca6c35-f2ed-49e6-a8bb-a36ccb64d112: Starting Evaluation Training
[2025-09-23 15:05:14,771][Process-22][INFO] Iteration 20, Child 7eca6c35-f2ed-49e6-a8bb-a36ccb64d112: Evaluation Metrics={'loss': 0.9973467351163475, 'rmse': 26.426099851293472}
[2025-09-23 15:05:14,782][MainProcess][INFO] Iteration 20: Received, metrics={'loss': 0.9973467351163475, 'rmse': 26.426099851293472}
[2025-09-23 15:05:14,783][MainProcess][INFO] Current Processes: {19: (<Process name='Process-21' pid=23216 parent=14448 started>, <multiprocessing.queues.Queue object at 0x000001C289F53D40>, 1006368.1596996), 20: (<Process name='Process-22' pid=26112 parent=14448 started>, <multiprocessing.queues.Queue object at 0x000001C289F53F20>, 1006368.5625148)}
[2025-09-23 15:05:15,885][MainProcess][INFO] Iteration 20: Saved, metrics={'loss': 0.9973467351163475, 'rmse': 26.426099851293472}
[2025-09-23 15:05:25,659][Process-21][INFO] Iteration 19, Child 6141fbc9-7167-4a23-9c44-43f19b134162: Evaluation Metrics={'loss': 0.9973456147805001, 'rmse': 26.42608503693516}
[2025-09-23 15:05:26,552][MainProcess][INFO] Submitted Worker: 21
[2025-09-23 15:05:26,558][Process-23][INFO] Iteration 21, Child a4170261-a858-4a16-86be-ccc419646208: Starting Evaluation
[2025-09-23 15:05:26,562][Process-23][INFO] Iteration 21, Child eb44960f-0885-44a1-b533-b9e9ad670fce: Starting Crossover/Mutation
[2025-09-23 15:05:26,563][Process-23][INFO] Iteration 21, Child eb44960f-0885-44a1-b533-b9e9ad670fce: Starting Evaluation Training
[2025-09-23 15:05:26,564][MainProcess][INFO] Iteration 19: Received, metrics={'loss': 0.9973456147805001, 'rmse': 26.42608503693516}
[2025-09-23 15:05:26,564][MainProcess][INFO] Current Processes: {19: (<Process name='Process-21' pid=23216 parent=14448 started>, <multiprocessing.queues.Queue object at 0x000001C289F53D40>, 1006368.1596996), 21: (<Process name='Process-23' pid=18124 parent=14448 started>, <multiprocessing.queues.Queue object at 0x000001C281C2CB90>, 1006436.9661993)}
[2025-09-23 15:05:26,586][MainProcess][INFO] Iteration 19: Saved, metrics={'loss': 0.9973456147805001, 'rmse': 26.42608503693516}
[2025-09-23 15:05:34,671][MainProcess][INFO] Submitted Worker: 22
[2025-09-23 15:05:34,679][Process-24][INFO] Iteration 22, Child d8562379-ab63-41ef-9c83-cb94b985d1b9: Starting Evaluation
[2025-09-23 15:05:34,688][Process-24][INFO] Iteration 22, Child 724081da-4a6e-4ecd-ac5c-467f8965b8c8: Starting Crossover/Mutation
[2025-09-23 15:05:34,689][Process-24][INFO] Iteration 22, Child 724081da-4a6e-4ecd-ac5c-467f8965b8c8: Starting Evaluation Training
[2025-09-23 15:06:24,000][Process-23][INFO] Iteration 21, Child eb44960f-0885-44a1-b533-b9e9ad670fce: Evaluation Metrics={'loss': 0.9973517297541054, 'rmse': 26.426169108418584}
[2025-09-23 15:06:24,005][MainProcess][INFO] Iteration 21: Received, metrics={'loss': 0.9973517297541054, 'rmse': 26.426169108418584}
[2025-09-23 15:06:24,006][MainProcess][INFO] Current Processes: {21: (<Process name='Process-23' pid=18124 parent=14448 started>, <multiprocessing.queues.Queue object at 0x000001C281C2CB90>, 1006436.9661993), 22: (<Process name='Process-24' pid=9680 parent=14448 started>, <multiprocessing.queues.Queue object at 0x000001C289F53D40>, 1006445.0847032)}
[2025-09-23 15:06:25,079][MainProcess][INFO] Iteration 21: Saved, metrics={'loss': 0.9973517297541054, 'rmse': 26.426169108418584}
[2025-09-23 15:06:35,246][MainProcess][INFO] Submitted Worker: 23
[2025-09-23 15:06:35,253][Process-25][INFO] Iteration 23, Child 95a91037-556a-4059-88ad-e3ad7de246e8: Starting Evaluation
[2025-09-23 15:06:35,264][Process-25][INFO] Iteration 23, Child fb79a600-029d-49fc-84df-2f5188afc50a: Starting Crossover/Mutation
[2025-09-23 15:06:35,276][Process-25][INFO] Iteration 23, Child fb79a600-029d-49fc-84df-2f5188afc50a: Starting Evaluation Training
[2025-09-23 15:06:49,206][Process-24][INFO] Iteration 22, Child 724081da-4a6e-4ecd-ac5c-467f8965b8c8: Evaluation Metrics={'loss': 0.9973467397458345, 'rmse': 26.426099888329368}
[2025-09-23 15:06:49,223][MainProcess][INFO] Iteration 22: Received, metrics={'loss': 0.9973467397458345, 'rmse': 26.426099888329368}
[2025-09-23 15:06:49,223][MainProcess][INFO] Current Processes: {22: (<Process name='Process-24' pid=9680 parent=14448 started>, <multiprocessing.queues.Queue object at 0x000001C289F53D40>, 1006445.0847032), 23: (<Process name='Process-25' pid=24792 parent=14448 started>, <multiprocessing.queues.Queue object at 0x000001C281C2CB90>, 1006505.6598505)}
[2025-09-23 15:06:50,397][MainProcess][INFO] Iteration 22: Saved, metrics={'loss': 0.9973467397458345, 'rmse': 26.426099888329368}
[2025-09-23 15:07:00,423][MainProcess][INFO] Submitted Worker: 24
[2025-09-23 15:07:00,432][Process-26][INFO] Iteration 24, Child 6141fbc9-7167-4a23-9c44-43f19b134162: Starting Evaluation
[2025-09-23 15:07:00,441][Process-26][INFO] Iteration 24, Child e569a3f7-7241-4d3a-8d46-734095dbdded: Starting Crossover/Mutation
[2025-09-23 15:07:00,446][Process-26][INFO] Iteration 24, Child e569a3f7-7241-4d3a-8d46-734095dbdded: Starting Evaluation Training
[2025-09-23 15:07:42,833][Process-25][INFO] Iteration 23, Child fb79a600-029d-49fc-84df-2f5188afc50a: Evaluation Metrics={'loss': 0.9973470395051159, 'rmse': 26.42610362895484}
[2025-09-23 15:07:42,845][MainProcess][INFO] Iteration 23: Received, metrics={'loss': 0.9973470395051159, 'rmse': 26.42610362895484}
[2025-09-23 15:07:42,845][MainProcess][INFO] Current Processes: {23: (<Process name='Process-25' pid=24792 parent=14448 started>, <multiprocessing.queues.Queue object at 0x000001C281C2CB90>, 1006505.6598505), 24: (<Process name='Process-26' pid=28024 parent=14448 started>, <multiprocessing.queues.Queue object at 0x000001C289F53D40>, 1006530.8374502)}
[2025-09-23 15:07:44,354][MainProcess][INFO] Iteration 23: Saved DB to database.pkl
[2025-09-23 15:07:44,354][MainProcess][INFO] Iteration 23: Saved, metrics={'loss': 0.9973470395051159, 'rmse': 26.42610362895484}
[2025-09-23 15:07:44,958][MainProcess][INFO] Submitted Worker: 25
[2025-09-23 15:07:54,576][Process-27][INFO] Iteration 25, Child 7eca6c35-f2ed-49e6-a8bb-a36ccb64d112: Starting Evaluation
[2025-09-23 15:07:54,581][Process-27][INFO] Iteration 25, Child 82bd6917-a42d-4b63-9fc8-5277641c6685: Starting Crossover/Mutation
[2025-09-23 15:07:54,581][Process-27][INFO] Iteration 25, Child 82bd6917-a42d-4b63-9fc8-5277641c6685: Starting Evaluation Training
[2025-09-23 15:07:59,677][Process-26][INFO] Iteration 24, Child e569a3f7-7241-4d3a-8d46-734095dbdded: Evaluation Metrics={'loss': 0.9973529270551738, 'rmse': 26.42618155247957}
[2025-09-23 15:07:59,685][MainProcess][INFO] Iteration 24: Received, metrics={'loss': 0.9973529270551738, 'rmse': 26.42618155247957}
[2025-09-23 15:07:59,686][MainProcess][INFO] Current Processes: {24: (<Process name='Process-26' pid=28024 parent=14448 started>, <multiprocessing.queues.Queue object at 0x000001C289F53D40>, 1006530.8374502), 25: (<Process name='Process-27' pid=24960 parent=14448 started>, <multiprocessing.queues.Queue object at 0x000001C281C2CB90>, 1006575.3720418)}
[2025-09-23 15:08:00,682][MainProcess][INFO] Iteration 24: Saved, metrics={'loss': 0.9973529270551738, 'rmse': 26.42618155247957}
[2025-09-23 15:08:10,880][MainProcess][INFO] Submitted Worker: 26
[2025-09-23 15:08:10,889][Process-28][INFO] Iteration 26, Child 2289de8f-feab-4d43-8499-8ee11ac08a32: Starting Evaluation
[2025-09-23 15:08:10,897][Process-28][INFO] Iteration 26, Child 2102604e-e506-417d-9d01-4523de1b627c: Starting Crossover/Mutation
[2025-09-23 15:08:10,903][Process-28][INFO] Iteration 26, Child 2102604e-e506-417d-9d01-4523de1b627c: Starting Evaluation Training
[2025-09-23 15:08:36,147][Process-27][INFO] Iteration 25, Child 82bd6917-a42d-4b63-9fc8-5277641c6685: Evaluation Metrics={'loss': 0.9973467351163475, 'rmse': 26.426099851293472}
[2025-09-23 15:08:36,159][MainProcess][INFO] Iteration 25: Received, metrics={'loss': 0.9973467351163475, 'rmse': 26.426099851293472}
[2025-09-23 15:08:36,160][MainProcess][INFO] Current Processes: {25: (<Process name='Process-27' pid=24960 parent=14448 started>, <multiprocessing.queues.Queue object at 0x000001C281C2CB90>, 1006575.3720418), 26: (<Process name='Process-28' pid=29304 parent=14448 started>, <multiprocessing.queues.Queue object at 0x000001C289F53D40>, 1006601.2941274)}
[2025-09-23 15:08:37,413][MainProcess][INFO] Iteration 25: Saved, metrics={'loss': 0.9973467351163475, 'rmse': 26.426099851293472}
[2025-09-23 15:08:51,205][MainProcess][INFO] Submitted Worker: 27
[2025-09-23 15:08:51,217][Process-29][INFO] Iteration 27, Child bd1e5616-a0a1-4ef7-ac9a-7da527a2c39d: Starting Evaluation
[2025-09-23 15:08:51,229][Process-29][INFO] Iteration 27, Child b2651ad0-c03c-4515-93d3-7c5469b3cc6e: Starting Crossover/Mutation
[2025-09-23 15:08:51,229][Process-29][INFO] Iteration 27, Child b2651ad0-c03c-4515-93d3-7c5469b3cc6e: Starting Evaluation Training
[2025-09-23 15:09:03,810][Process-28][INFO] Iteration 26, Child 2102604e-e506-417d-9d01-4523de1b627c: Evaluation Metrics={'loss': 0.9973427994737347, 'rmse': 26.426047482536834}
[2025-09-23 15:09:03,821][MainProcess][INFO] Iteration 26: Received, metrics={'loss': 0.9973427994737347, 'rmse': 26.426047482536834}
[2025-09-23 15:09:03,821][MainProcess][INFO] Current Processes: {26: (<Process name='Process-28' pid=29304 parent=14448 started>, <multiprocessing.queues.Queue object at 0x000001C289F53D40>, 1006601.2941274), 27: (<Process name='Process-29' pid=6936 parent=14448 started>, <multiprocessing.queues.Queue object at 0x000001C281C2CB90>, 1006641.6188398)}
[2025-09-23 15:09:04,919][MainProcess][INFO] Iteration 26: Saved, metrics={'loss': 0.9973427994737347, 'rmse': 26.426047482536834}
[2025-09-23 15:09:15,347][MainProcess][INFO] Submitted Worker: 28
[2025-09-23 15:09:15,355][Process-30][INFO] Iteration 28, Child 6ea3adaa-0d89-495a-a3da-0a33ef875ba5: Starting Evaluation
[2025-09-23 15:09:15,361][Process-30][INFO] Iteration 28, Child b9169fa7-dd89-4654-99e5-95043c237897: Starting Crossover/Mutation
[2025-09-23 15:09:15,362][Process-30][INFO] Iteration 28, Child b9169fa7-dd89-4654-99e5-95043c237897: Starting Evaluation Training
[2025-09-23 15:09:51,407][Process-29][INFO] Iteration 27, Child b2651ad0-c03c-4515-93d3-7c5469b3cc6e: Evaluation Metrics={'loss': 0.9973500932304604, 'rmse': 26.426144312886358}
[2025-09-23 15:09:51,426][MainProcess][INFO] Iteration 27: Received, metrics={'loss': 0.9973500932304604, 'rmse': 26.426144312886358}
[2025-09-23 15:09:51,427][MainProcess][INFO] Current Processes: {27: (<Process name='Process-29' pid=6936 parent=14448 started>, <multiprocessing.queues.Queue object at 0x000001C281C2CB90>, 1006641.6188398), 28: (<Process name='Process-30' pid=26440 parent=14448 started>, <multiprocessing.queues.Queue object at 0x000001C289F53D40>, 1006665.7607191)}
[2025-09-23 15:09:52,744][MainProcess][INFO] Iteration 27: Saved, metrics={'loss': 0.9973500932304604, 'rmse': 26.426144312886358}
[2025-09-23 15:10:04,556][MainProcess][INFO] Submitted Worker: 29
[2025-09-23 15:10:04,569][Process-31][INFO] Iteration 29, Child e569a3f7-7241-4d3a-8d46-734095dbdded: Starting Evaluation
[2025-09-23 15:10:04,589][Process-31][INFO] Iteration 29, Child 2718b824-4182-4a99-b240-c9be86f2d621: Starting Crossover/Mutation
[2025-09-23 15:10:04,589][Process-31][INFO] Iteration 29, Child 2718b824-4182-4a99-b240-c9be86f2d621: Starting Evaluation Training
[2025-09-23 15:10:30,461][Process-30][INFO] Iteration 28, Child b9169fa7-dd89-4654-99e5-95043c237897: Evaluation Metrics={'loss': 0.9973467906701912, 'rmse': 26.426100610529335}
[2025-09-23 15:10:30,467][MainProcess][INFO] Iteration 28: Received, metrics={'loss': 0.9973467906701912, 'rmse': 26.426100610529335}
[2025-09-23 15:10:30,467][MainProcess][INFO] Current Processes: {28: (<Process name='Process-30' pid=26440 parent=14448 started>, <multiprocessing.queues.Queue object at 0x000001C289F53D40>, 1006665.7607191), 29: (<Process name='Process-31' pid=28104 parent=14448 started>, <multiprocessing.queues.Queue object at 0x000001C281C2CB90>, 1006714.9696774)}
[2025-09-23 15:10:31,894][MainProcess][INFO] Iteration 28: Saved DB to database.pkl
[2025-09-23 15:10:31,894][MainProcess][INFO] Iteration 28: Saved, metrics={'loss': 0.9973467906701912, 'rmse': 26.426100610529335}
[2025-09-23 15:10:32,536][MainProcess][INFO] Submitted Worker: 30
[2025-09-23 15:10:44,570][Process-32][INFO] Iteration 30, Child 82bd6917-a42d-4b63-9fc8-5277641c6685: Starting Evaluation
[2025-09-23 15:10:44,577][Process-32][INFO] Iteration 30, Child ed240246-9386-4698-8a11-8cc51d659a2c: Starting Crossover/Mutation
[2025-09-23 15:10:44,919][Process-32][ERROR] [Worker Error]Iteration 30: Traceback (most recent call last):
  File "C:\Users\ianbs\AppData\Local\Packages\PythonSoftwareFoundation.Python.3.13_qbz5n2kfra8p0\LocalCache\local-packages\Python313\site-packages\networkx\classes\digraph.py", line 926, in successors
    return iter(self._succ[n])
                ~~~~~~~~~~^^^
KeyError: 3

The above exception was the direct cause of the following exception:

Traceback (most recent call last):
  File "C:\Users\ianbs\Desktop\Coding\Evolutionary-Neural-Topologies\main\evolutionary_loop.py", line 94, in _worker_target
    child_genome.crossover(inspiration_genome)
    ~~~~~~~~~~~~~~~~~~~~~~^^^^^^^^^^^^^^^^^^^^
  File "C:\Users\ianbs\Desktop\Coding\Evolutionary-Neural-Topologies\main\genome\genome.py", line 49, in crossover
    self.genome = BaseGenome.crossover(self.genome, other.genome, self.genome.config)
                  ~~~~~~~~~~~~~~~~~~~~^^^^^^^^^^^^^^^^^^^^^^^^^^^^^^^^^^^^^^^^^^^^^^^
  File "C:\Users\ianbs\Desktop\Coding\Evolutionary-Neural-Topologies\main\genome\base_genome\base_genome.py", line 375, in crossover
    child.prune()
    ~~~~~~~~~~~^^
  File "C:\Users\ianbs\Desktop\Coding\Evolutionary-Neural-Topologies\main\genome\base_genome\base_genome.py", line 412, in prune
    reachable_from_inputs |= nx.descendants(G, inp) | {inp}
                             ~~~~~~~~~~~~~~^^^^^^^^
  File "<class 'networkx.utils.decorators.argmap'> compilation 4", line 3, in argmap_descendants_1
    import gzip
            ^^^
  File "C:\Users\ianbs\AppData\Local\Packages\PythonSoftwareFoundation.Python.3.13_qbz5n2kfra8p0\LocalCache\local-packages\Python313\site-packages\networkx\utils\backends.py", line 535, in _call_if_no_backends_installed
    return self.orig_func(*args, **kwargs)
           ~~~~~~~~~~~~~~^^^^^^^^^^^^^^^^^
  File "C:\Users\ianbs\AppData\Local\Packages\PythonSoftwareFoundation.Python.3.13_qbz5n2kfra8p0\LocalCache\local-packages\Python313\site-packages\networkx\algorithms\dag.py", line 73, in descendants
    return {child for parent, child in nx.bfs_edges(G, source)}
                                       ~~~~~~~~~~~~^^^^^^^^^^^
  File "C:\Users\ianbs\AppData\Local\Packages\PythonSoftwareFoundation.Python.3.13_qbz5n2kfra8p0\LocalCache\local-packages\Python313\site-packages\networkx\algorithms\traversal\breadth_first_search.py", line 194, in bfs_edges
    yield from generic_bfs_edges(G, source, successors, depth_limit)
  File "C:\Users\ianbs\AppData\Local\Packages\PythonSoftwareFoundation.Python.3.13_qbz5n2kfra8p0\LocalCache\local-packages\Python313\site-packages\networkx\algorithms\traversal\breadth_first_search.py", line 93, in generic_bfs_edges
    next_parents_children = [(source, neighbors(source))]
                                      ~~~~~~~~~^^^^^^^^
  File "C:\Users\ianbs\AppData\Local\Packages\PythonSoftwareFoundation.Python.3.13_qbz5n2kfra8p0\LocalCache\local-packages\Python313\site-packages\networkx\classes\digraph.py", line 928, in successors
    raise NetworkXError(f"The node {n} is not in the digraph.") from err
networkx.exception.NetworkXError: The node 3 is not in the digraph.

[2025-09-23 15:11:03,073][Process-31][INFO] Iteration 29, Child 2718b824-4182-4a99-b240-c9be86f2d621: Evaluation Metrics={'loss': 0.9973327343903698, 'rmse': 26.42591350518384}
[2025-09-23 15:11:03,083][MainProcess][INFO] Iteration 29: Received, metrics={'loss': 0.9973327343903698, 'rmse': 26.42591350518384}
[2025-09-23 15:11:03,084][MainProcess][INFO] Current Processes: {29: (<Process name='Process-31' pid=28104 parent=14448 started>, <multiprocessing.queues.Queue object at 0x000001C281C2CB90>, 1006714.9696774), 30: (<Process name='Process-32' pid=16980 parent=14448 stopped exitcode=0>, <multiprocessing.queues.Queue object at 0x000001C289F53D40>, 1006742.950125)}
[2025-09-23 15:11:04,003][MainProcess][INFO] Iteration 29: Saved, metrics={'loss': 0.9973327343903698, 'rmse': 26.42591350518384}
[2025-09-23 15:11:10,420][MainProcess][INFO] Submitted Worker: 31
[2025-09-23 15:11:10,425][Process-33][INFO] Iteration 31, Child 0e0df073-6279-409e-8cce-91c8681366a6: Starting Evaluation
[2025-09-23 15:11:10,429][Process-33][INFO] Iteration 31, Child 0a252e0f-64fb-4c0b-afd3-5e4524aaea8d: Starting Crossover/Mutation
[2025-09-23 15:11:10,429][Process-33][INFO] Iteration 31, Child 0a252e0f-64fb-4c0b-afd3-5e4524aaea8d: Starting Evaluation Training
[2025-09-23 15:11:58,397][Process-33][INFO] Iteration 31, Child 0a252e0f-64fb-4c0b-afd3-5e4524aaea8d: Evaluation Metrics={'loss': 0.9973453590013448, 'rmse': 26.426082351832715}
[2025-09-23 15:11:58,416][MainProcess][INFO] Iteration 31: Received, metrics={'loss': 0.9973453590013448, 'rmse': 26.426082351832715}
[2025-09-23 15:11:58,416][MainProcess][INFO] Current Processes: {30: (<Process name='Process-32' pid=16980 parent=14448 stopped exitcode=0>, <multiprocessing.queues.Queue object at 0x000001C289F53D40>, 1006742.950125), 31: (<Process name='Process-33' pid=4196 parent=14448 started>, <multiprocessing.queues.Queue object at 0x000001C281C2CB90>, 1006780.8339111)}
[2025-09-23 15:11:59,321][MainProcess][INFO] Iteration 31: Saved, metrics={'loss': 0.9973453590013448, 'rmse': 26.426082351832715}
[2025-09-23 15:12:06,332][MainProcess][INFO] Submitted Worker: 32
[2025-09-23 15:12:06,337][Process-34][INFO] Iteration 32, Child b2651ad0-c03c-4515-93d3-7c5469b3cc6e: Starting Evaluation
[2025-09-23 15:12:06,341][Process-34][INFO] Iteration 32, Child 7ad7f72b-9489-4c6a-8953-a7a7cdf34bbc: Starting Crossover/Mutation
[2025-09-23 15:12:06,341][Process-34][INFO] Iteration 32, Child 7ad7f72b-9489-4c6a-8953-a7a7cdf34bbc: Starting Evaluation Training
[2025-09-23 15:12:45,815][Process-34][INFO] Iteration 32, Child 7ad7f72b-9489-4c6a-8953-a7a7cdf34bbc: Evaluation Metrics={'loss': 0.9973896076378314, 'rmse': 26.426659130355688}
[2025-09-23 15:12:45,836][MainProcess][INFO] Iteration 32: Received, metrics={'loss': 0.9973896076378314, 'rmse': 26.426659130355688}
[2025-09-23 15:12:45,836][MainProcess][INFO] Current Processes: {30: (<Process name='Process-32' pid=16980 parent=14448 stopped exitcode=0>, <multiprocessing.queues.Queue object at 0x000001C289F53D40>, 1006742.950125), 32: (<Process name='Process-34' pid=4228 parent=14448 started>, <multiprocessing.queues.Queue object at 0x000001C289F53F20>, 1006836.7459753)}
[2025-09-23 15:12:46,730][MainProcess][INFO] Iteration 32: Saved, metrics={'loss': 0.9973896076378314, 'rmse': 26.426659130355688}
[2025-09-23 15:12:53,517][MainProcess][INFO] Submitted Worker: 33
[2025-09-23 15:12:53,522][Process-35][INFO] Iteration 33, Child fb79a600-029d-49fc-84df-2f5188afc50a: Starting Evaluation
[2025-09-23 15:12:53,527][Process-35][INFO] Iteration 33, Child 04685da9-11ae-4ea8-bbc5-63827fa57bf7: Starting Crossover/Mutation
[2025-09-23 15:12:53,532][Process-35][INFO] Iteration 33, Child 04685da9-11ae-4ea8-bbc5-63827fa57bf7: Starting Evaluation Training
[2025-09-23 15:13:42,257][Process-35][INFO] Iteration 33, Child 04685da9-11ae-4ea8-bbc5-63827fa57bf7: Evaluation Metrics={'loss': 0.9973558471040819, 'rmse': 26.426221273477797}
[2025-09-23 15:13:42,272][MainProcess][INFO] Iteration 33: Received, metrics={'loss': 0.9973558471040819, 'rmse': 26.426221273477797}
[2025-09-23 15:13:42,272][MainProcess][INFO] Current Processes: {30: (<Process name='Process-32' pid=16980 parent=14448 stopped exitcode=0>, <multiprocessing.queues.Queue object at 0x000001C289F53D40>, 1006742.950125), 33: (<Process name='Process-35' pid=17900 parent=14448 started>, <multiprocessing.queues.Queue object at 0x000001C281C2CB90>, 1006883.9307364)}
[2025-09-23 15:13:43,477][MainProcess][INFO] Iteration 33: Saved, metrics={'loss': 0.9973558471040819, 'rmse': 26.426221273477797}
[2025-09-23 15:13:53,370][MainProcess][INFO] Submitted Worker: 34
[2025-09-23 15:13:53,377][Process-36][INFO] Iteration 34, Child 48277999-ce03-45f6-bed0-a373b1264bd8: Starting Evaluation
[2025-09-23 15:13:53,382][Process-36][INFO] Iteration 34, Child c599b22d-8f7d-4d5f-9199-c754a5786f94: Starting Crossover/Mutation
[2025-09-23 15:13:53,393][Process-36][INFO] Iteration 34, Child c599b22d-8f7d-4d5f-9199-c754a5786f94: Starting Evaluation Training
[2025-09-23 15:14:51,153][Process-36][INFO] Iteration 34, Child c599b22d-8f7d-4d5f-9199-c754a5786f94: Evaluation Metrics={'loss': 0.9973464457734117, 'rmse': 26.426096758796174}
[2025-09-23 15:14:51,171][MainProcess][INFO] Iteration 34: Received, metrics={'loss': 0.9973464457734117, 'rmse': 26.426096758796174}
[2025-09-23 15:14:51,171][MainProcess][INFO] Current Processes: {30: (<Process name='Process-32' pid=16980 parent=14448 stopped exitcode=0>, <multiprocessing.queues.Queue object at 0x000001C289F53D40>, 1006742.950125), 34: (<Process name='Process-36' pid=27172 parent=14448 started>, <multiprocessing.queues.Queue object at 0x000001C289F53F20>, 1006943.7835359)}
[2025-09-23 15:14:52,165][MainProcess][INFO] Iteration 34: Saved DB to database.pkl
[2025-09-23 15:14:52,165][MainProcess][INFO] Iteration 34: Saved, metrics={'loss': 0.9973464457734117, 'rmse': 26.426096758796174}
[2025-09-23 15:14:59,304][MainProcess][INFO] Submitted Worker: 35
[2025-09-23 15:14:59,309][Process-37][INFO] Iteration 35, Child 0065596d-bf43-4011-a22e-f1d86a9db168: Starting Evaluation
[2025-09-23 15:14:59,313][Process-37][INFO] Iteration 35, Child 4d2042b7-7388-48bd-9b07-f1008b9adebb: Starting Crossover/Mutation
[2025-09-23 15:14:59,318][Process-37][INFO] Iteration 35, Child 4d2042b7-7388-48bd-9b07-f1008b9adebb: Starting Evaluation Training
[2025-09-23 15:15:42,025][Process-37][INFO] Iteration 35, Child 4d2042b7-7388-48bd-9b07-f1008b9adebb: Evaluation Metrics={'loss': 0.9973615998203315, 'rmse': 26.426291012069555}
[2025-09-23 15:15:42,034][MainProcess][INFO] Iteration 35: Received, metrics={'loss': 0.9973615998203315, 'rmse': 26.426291012069555}
[2025-09-23 15:15:42,035][MainProcess][INFO] Current Processes: {30: (<Process name='Process-32' pid=16980 parent=14448 stopped exitcode=0>, <multiprocessing.queues.Queue object at 0x000001C289F53D40>, 1006742.950125), 35: (<Process name='Process-37' pid=10300 parent=14448 started>, <multiprocessing.queues.Queue object at 0x000001C281C2CB90>, 1007009.7175349)}
[2025-09-23 15:15:42,921][MainProcess][INFO] Iteration 35: Saved, metrics={'loss': 0.9973615998203315, 'rmse': 26.426291012069555}
[2025-09-23 15:15:49,093][MainProcess][INFO] Submitted Worker: 36
[2025-09-23 15:15:49,098][Process-38][INFO] Iteration 36, Child 2102604e-e506-417d-9d01-4523de1b627c: Starting Evaluation
[2025-09-23 15:15:49,101][Process-38][INFO] Iteration 36, Child a260f0a7-f951-4765-b74f-14ef9466a06b: Starting Crossover/Mutation
[2025-09-23 15:15:49,104][Process-38][INFO] Iteration 36, Child a260f0a7-f951-4765-b74f-14ef9466a06b: Starting Evaluation Training
[2025-09-23 15:16:18,796][Process-38][INFO] Iteration 36, Child a260f0a7-f951-4765-b74f-14ef9466a06b: Evaluation Metrics={'loss': 0.9973467351163475, 'rmse': 26.426099851293472}
[2025-09-23 15:16:18,813][MainProcess][INFO] Iteration 36: Received, metrics={'loss': 0.9973467351163475, 'rmse': 26.426099851293472}
[2025-09-23 15:16:18,813][MainProcess][INFO] Current Processes: {30: (<Process name='Process-32' pid=16980 parent=14448 stopped exitcode=0>, <multiprocessing.queues.Queue object at 0x000001C289F53D40>, 1006742.950125), 36: (<Process name='Process-38' pid=24392 parent=14448 started>, <multiprocessing.queues.Queue object at 0x000001C289F53F20>, 1007059.5066994)}
[2025-09-23 15:16:19,682][MainProcess][INFO] Iteration 36: Saved, metrics={'loss': 0.9973467351163475, 'rmse': 26.426099851293472}
[2025-09-23 15:16:25,342][MainProcess][INFO] Submitted Worker: 37
[2025-09-23 15:16:25,347][Process-39][INFO] Iteration 37, Child 724081da-4a6e-4ecd-ac5c-467f8965b8c8: Starting Evaluation
[2025-09-23 15:16:25,352][Process-39][INFO] Iteration 37, Child 6845b746-75e3-4bf8-b1d0-f070efeb477f: Starting Crossover/Mutation
[2025-09-23 15:16:25,354][Process-39][INFO] Iteration 37, Child 6845b746-75e3-4bf8-b1d0-f070efeb477f: Starting Evaluation Training
[2025-09-23 15:17:13,669][Process-39][INFO] Iteration 37, Child 6845b746-75e3-4bf8-b1d0-f070efeb477f: Evaluation Metrics={'loss': 0.9973467351163475, 'rmse': 26.426099851293472}
[2025-09-23 15:17:13,675][MainProcess][INFO] Iteration 37: Received, metrics={'loss': 0.9973467351163475, 'rmse': 26.426099851293472}
[2025-09-23 15:17:13,675][MainProcess][INFO] Current Processes: {30: (<Process name='Process-32' pid=16980 parent=14448 stopped exitcode=0>, <multiprocessing.queues.Queue object at 0x000001C289F53D40>, 1006742.950125), 37: (<Process name='Process-39' pid=7328 parent=14448 started>, <multiprocessing.queues.Queue object at 0x000001C281C2CB90>, 1007095.7563235)}
[2025-09-23 15:17:14,595][MainProcess][INFO] Iteration 37: Saved, metrics={'loss': 0.9973467351163475, 'rmse': 26.426099851293472}
[2025-09-23 15:17:20,354][MainProcess][INFO] Submitted Worker: 38
[2025-09-23 15:17:20,359][Process-40][INFO] Iteration 38, Child 95a91037-556a-4059-88ad-e3ad7de246e8: Starting Evaluation
[2025-09-23 15:17:20,363][Process-40][INFO] Iteration 38, Child 5f458e0c-1634-4254-8792-b04898e51d1d: Starting Crossover/Mutation
[2025-09-23 15:17:20,368][Process-40][INFO] Iteration 38, Child 5f458e0c-1634-4254-8792-b04898e51d1d: Starting Evaluation Training
[2025-09-23 15:18:20,443][Process-40][INFO] Iteration 38, Child 5f458e0c-1634-4254-8792-b04898e51d1d: Evaluation Metrics={'loss': 0.9973467351163475, 'rmse': 26.426099851293472}
[2025-09-23 15:18:20,461][MainProcess][INFO] Iteration 38: Received, metrics={'loss': 0.9973467351163475, 'rmse': 26.426099851293472}
[2025-09-23 15:18:20,461][MainProcess][INFO] Current Processes: {30: (<Process name='Process-32' pid=16980 parent=14448 stopped exitcode=0>, <multiprocessing.queues.Queue object at 0x000001C289F53D40>, 1006742.950125), 38: (<Process name='Process-40' pid=21640 parent=14448 started>, <multiprocessing.queues.Queue object at 0x000001C289F53F20>, 1007150.7675049)}
[2025-09-23 15:18:21,424][MainProcess][INFO] Iteration 38: Saved, metrics={'loss': 0.9973467351163475, 'rmse': 26.426099851293472}
[2025-09-23 15:18:58,996][MainProcess][INFO] Submitted Worker: 39
[2025-09-23 15:18:59,003][Process-41][INFO] Iteration 39, Child 1a8be22e-9889-4665-8f0c-456547d1562f: Starting Evaluation
[2025-09-23 15:18:59,009][Process-41][INFO] Iteration 39, Child 04af2ad9-741a-415a-87e3-eca8b14b56bf: Starting Crossover/Mutation
[2025-09-23 15:18:59,012][Process-41][INFO] Iteration 39, Child 04af2ad9-741a-415a-87e3-eca8b14b56bf: Starting Evaluation Training
[2025-09-23 15:20:02,194][Process-41][INFO] Iteration 39, Child 04af2ad9-741a-415a-87e3-eca8b14b56bf: Evaluation Metrics={'loss': 0.9973467351163475, 'rmse': 26.426099851293472}
[2025-09-23 15:20:02,208][MainProcess][INFO] Iteration 39: Received, metrics={'loss': 0.9973467351163475, 'rmse': 26.426099851293472}
[2025-09-23 15:20:02,208][MainProcess][INFO] Current Processes: {30: (<Process name='Process-32' pid=16980 parent=14448 stopped exitcode=0>, <multiprocessing.queues.Queue object at 0x000001C289F53D40>, 1006742.950125), 39: (<Process name='Process-41' pid=13964 parent=14448 started>, <multiprocessing.queues.Queue object at 0x000001C281C2CB90>, 1007249.4096363)}
[2025-09-23 15:20:03,153][MainProcess][INFO] Iteration 39: Saved DB to database.pkl
[2025-09-23 15:20:03,153][MainProcess][INFO] Iteration 39: Saved, metrics={'loss': 0.9973467351163475, 'rmse': 26.426099851293472}
[2025-09-23 15:20:10,324][MainProcess][INFO] Submitted Worker: 40
[2025-09-23 15:20:10,331][Process-42][INFO] Iteration 40, Child 4515b5bc-221d-41fa-a6df-22f4029dff72: Starting Evaluation
[2025-09-23 15:20:10,340][Process-42][INFO] Iteration 40, Child 355d050b-c544-4e52-86d2-f9c7ba8845fe: Starting Crossover/Mutation
[2025-09-23 15:20:10,345][Process-42][INFO] Iteration 40, Child 355d050b-c544-4e52-86d2-f9c7ba8845fe: Starting Evaluation Training
